INFO:root:episode 0 after step:200 we get:-199.53934761186716 max x :0.6833340389489896, max-mean: 0.0034166701947449477
CRITICAL:root:{(7, 0): [-3.655913531627067, -3.6225618863163405], (6, 0): [-3.286803897731608, -3.5517252588764086], (5, 0): [-2.3692042720591364, -2.225067264488369]}
INFO:root:episode 1 after step:200 we get:-199.20503756551724 max x :0.7804287594503632, max-mean: 0.005367742093370855
INFO:root:episode 2 after step:200 we get:-199.02847455020205 max x :0.7839408825598202, max-mean: 0.006674310230970555
INFO:root:episode 3 after step:200 we get:-198.87016642072092 max x :0.8351120322777412, max-mean: 0.007718200271317732
INFO:root:episode 4 after step:200 we get:-199.36471825421773 max x :0.7212630135878338, max-mean: 0.008439463284905566
INFO:root:episode 5 after step:200 we get:-199.54667081697846 max x :0.6820878781670966, max-mean: 0.009007869850044812
INFO:root:episode 6 after step:200 we get:-199.7943398897315 max x :0.6239915906665634, max-mean: 0.009453578129092357
INFO:root:episode 7 after step:200 we get:-199.66262109627718 max x :0.6840574433719301, max-mean: 0.009881114031199813
INFO:root:episode 8 after step:200 we get:-199.02212157500983 max x :0.8091021991886895, max-mean: 0.010330615252971308
INFO:root:episode 9 after step:200 we get:-199.13430165104307 max x :0.7867845268504825, max-mean: 0.01072400751639655
INFO:root:episode 10 after step:200 we get:-199.20325122415764 max x :0.7652689472377857, max-mean: 0.01107185703786827
INFO:root:episode 11 after step:200 we get:-199.61575197620695 max x :0.6952449746869163, max-mean: 0.01136154244398782
INFO:root:episode 12 after step:200 we get:-199.90237426137043 max x :0.6064181670053753, max-mean: 0.011594780200528348
INFO:root:episode 13 after step:200 we get:-199.82538213767975 max x :0.5983987668652853, max-mean: 0.011808494045837378
INFO:root:episode 14 after step:200 we get:-199.74619460516251 max x :0.6217956119935152, max-mean: 0.012015759249835216
INFO:root:episode 15 after step:200 we get:-199.8781360641861 max x :0.6114572628897266, max-mean: 0.012206839644488255
INFO:root:episode 16 after step:200 we get:-199.53994200141491 max x :0.7201832944452203, max-mean: 0.012418658260501555
INFO:root:episode 17 after step:200 we get:-198.5923340136257 max x :0.9578703699983036, max-mean: 0.012684733363278862
INFO:root:episode 18 after step:200 we get:-199.55307986949796 max x :0.7035712960244908, max-mean: 0.012869883704337939
INFO:root:episode 19 after step:200 we get:-199.00835757814303 max x :0.837416813813224, max-mean: 0.013079237907791245
INFO:root:episode 20 after step:200 we get:-199.07346477839113 max x :0.8203391023249763, max-mean: 0.013274556741678144
INFO:root:episode 21 after step:200 we get:-199.56849867745885 max x :0.7315912004074872, max-mean: 0.013440827469043482
INFO:root:episode 22 after step:200 we get:-199.50434667973673 max x :0.7514323614748586, max-mean: 0.013604182330233668
INFO:root:episode 23 after step:200 we get:-198.95719513280676 max x :0.8137864343228577, max-mean: 0.013773721170717597
INFO:root:episode 24 after step:200 we get:-199.23311952777738 max x :0.8011196014414259, max-mean: 0.013933945091005883
INFO:root:episode 25 after step:200 we get:-198.88195556389527 max x :0.8267493443826104, max-mean: 0.014092935349541001
INFO:root:episode 26 after step:200 we get:-199.23845462846813 max x :0.7386223325442863, max-mean: 0.014229717262975129
INFO:root:episode 27 after step:200 we get:-199.51848264754014 max x :0.6945737011733247, max-mean: 0.014353748281041794
INFO:root:episode 28 after step:200 we get:-199.0968205481798 max x :0.8316964018882256, max-mean: 0.014497144212401832
INFO:root:episode 29 after step:200 we get:-199.19209090402705 max x :0.7588459123920988, max-mean: 0.014623618531133848
INFO:root:episode 30 after step:200 we get:-199.16249769655593 max x :0.7679549485707983, max-mean: 0.014747482232516235
INFO:root:episode 31 after step:200 we get:-199.40187035476487 max x :0.7329427395133875, max-mean: 0.014862004535565201
INFO:root:episode 32 after step:200 we get:-199.07124757292985 max x :0.8145932654304379, max-mean: 0.014985427757600115
INFO:root:episode 33 after step:200 we get:-199.8846834338751 max x :0.6235841782251053, max-mean: 0.015077131313221455
INFO:root:episode 34 after step:200 we get:-199.4395824282976 max x :0.7502732767055927, max-mean: 0.015184313209893682
INFO:root:episode 35 after step:200 we get:-199.1285699645534 max x :0.8262485207912331, max-mean: 0.015299069948892465
INFO:root:episode 36 after step:200 we get:-199.69864047661733 max x :0.7031073716891312, max-mean: 0.015394084458580185
INFO:root:episode 37 after step:200 we get:-199.4482164605288 max x :0.7825452319655098, max-mean: 0.015497050936470384
INFO:root:episode 38 after step:200 we get:-199.6858901544633 max x :0.7020817961612853, max-mean: 0.015587061423157729
INFO:root:episode 39 after step:200 we get:-199.6803182087682 max x :0.6552857385742566, max-mean: 0.01566897214047951
INFO:root:episode 40 after step:200 we get:-199.50134487777007 max x :0.7387854253410016, max-mean: 0.01575906792405768
INFO:root:episode 41 after step:200 we get:-198.90226213708712 max x :0.8312268715286096, max-mean: 0.01585802350400156
INFO:root:episode 42 after step:200 we get:-199.10711257636154 max x :0.7813069645723116, max-mean: 0.015948873151044853
INFO:root:episode 43 after step:200 we get:-199.8854086138483 max x :0.6036714838233436, max-mean: 0.016017472183297504
INFO:root:episode 44 after step:200 we get:-199.40301146237644 max x :0.7672499707250006, max-mean: 0.016102722180044726
INFO:root:episode 45 after step:200 we get:-199.2974043981649 max x :0.7728583203414939, max-mean: 0.016186728519212278
INFO:root:episode 46 after step:200 we get:-199.45931803058886 max x :0.7640843815419849, max-mean: 0.016268014091716746
INFO:root:episode 47 after step:200 we get:-199.3535669698675 max x :0.7157911958107002, max-mean: 0.016342575674613693
INFO:root:episode 48 after step:200 we get:-198.44214174860002 max x :1.0186176397204763, max-mean: 0.016446516250095373
INFO:root:episode 49 after step:200 we get:-199.494202237557 max x :0.6543063437098824, max-mean: 0.01651194688446636
INFO:root:episode 50 after step:200 we get:-199.40738430632362 max x :0.7923357876960067, max-mean: 0.016589626863652243
INFO:root:episode 51 after step:200 we get:-199.62839000653727 max x :0.6324856236491834, max-mean: 0.016650442789003125
INFO:root:episode 52 after step:200 we get:-198.8966766260025 max x :0.856925405153394, max-mean: 0.016731284808357217
INFO:root:episode 53 after step:200 we get:-199.31979703120632 max x :0.7213945016181919, max-mean: 0.016798080595544086
INFO:root:episode 54 after step:200 we get:-199.2731213802818 max x :0.7244519105271027, max-mean: 0.01686393986013746
INFO:root:episode 55 after step:200 we get:-199.91252466725504 max x :0.604492585881113, max-mean: 0.016917912412448274
INFO:root:episode 56 after step:200 we get:-199.26216279709317 max x :0.728156970808672, max-mean: 0.016981785830940264
INFO:root:episode 57 after step:200 we get:-199.57534238581377 max x :0.6249193868845905, max-mean: 0.01703565819187859
INFO:root:episode 58 after step:200 we get:-199.8528973077608 max x :0.6272815673345344, max-mean: 0.01708881764673745
INFO:root:episode 59 after step:200 we get:-199.52438016801923 max x :0.6519436813648011, max-mean: 0.017143146286851183
INFO:root:episode 60 after step:200 we get:-199.7651097859535 max x :0.5919853486872954, max-mean: 0.017191669676087845
INFO:root:episode 61 after step:200 we get:-198.98207683309428 max x :0.8554330638904699, max-mean: 0.017260656213498368
INFO:root:episode 62 after step:200 we get:-199.43910070315303 max x :0.7365663815375368, max-mean: 0.017319113862826745
INFO:root:episode 63 after step:200 we get:-199.70789614855607 max x :0.6197770254396237, max-mean: 0.017367533942939214
INFO:root:episode 64 after step:200 we get:-199.19798261644527 max x :0.7949466167838444, max-mean: 0.017428683682691817
INFO:root:episode 65 after step:200 we get:-199.31545329330672 max x :0.764984996711687, max-mean: 0.01748663709153361
INFO:root:episode 66 after step:200 we get:-199.80192929148166 max x :0.6006820121760325, max-mean: 0.017531464107367643
INFO:root:episode 67 after step:200 we get:-199.48503331611667 max x :0.765718767711107, max-mean: 0.017587766957934636
INFO:root:episode 68 after step:200 we get:-199.04867636310337 max x :0.7673934725042506, max-mean: 0.01764337518057987
INFO:root:episode 69 after step:200 we get:-199.67622766814827 max x :0.6839097974902834, max-mean: 0.017692225880400606
INFO:root:episode 70 after step:200 we get:-198.37022611669425 max x :1.0431552479985085, max-mean: 0.0177656875175836
INFO:root:episode 71 after step:200 we get:-199.65201025021346 max x :0.6802324315835199, max-mean: 0.017812925880888012
INFO:root:episode 72 after step:200 we get:-199.12477237683498 max x :0.7480608335369053, max-mean: 0.01786416292428095
INFO:root:episode 73 after step:200 we get:-199.19661884596758 max x :0.8051066353031717, max-mean: 0.017918562021260895
INFO:root:episode 74 after step:200 we get:-199.21341698318108 max x :0.7608433087260822, max-mean: 0.0179692849085093
INFO:root:episode 75 after step:200 we get:-199.75862634432755 max x :0.6747528092846257, max-mean: 0.01801367654069908
INFO:root:episode 76 after step:200 we get:-198.92417421474815 max x :0.9175870500161909, max-mean: 0.018073260115375453
INFO:root:episode 77 after step:200 we get:-199.1231375044152 max x :0.7777492482815702, max-mean: 0.018123115836419144
INFO:root:episode 78 after step:200 we get:-199.4702705656577 max x :0.7141674944062871, max-mean: 0.018168316310748656
INFO:root:episode 79 after step:200 we get:-199.39060548717902 max x :0.7162362996819549, max-mean: 0.018213081079478777
INFO:root:episode 80 after step:200 we get:-199.04773518701998 max x :0.8530555463392258, max-mean: 0.018265738829252802
INFO:root:episode 81 after step:200 we get:-199.29781334954512 max x :0.7244151662301875, max-mean: 0.018309910485730253
INFO:root:episode 82 after step:200 we get:-199.75097341499765 max x :0.7102628988121507, max-mean: 0.018352697407345443
INFO:root:episode 83 after step:200 we get:-199.19978550181685 max x :0.8211762705575084, max-mean: 0.01840157694725958
INFO:root:episode 84 after step:200 we get:-199.8154339241866 max x :0.6959038908625039, max-mean: 0.01844251247025149
INFO:root:episode 85 after step:200 we get:-199.2952599481646 max x :0.7612720775606675, max-mean: 0.018486772474760833
INFO:root:episode 86 after step:200 we get:-199.23743792955662 max x :0.77313759562752, max-mean: 0.01853120566991184
INFO:root:episode 87 after step:200 we get:-199.13152502892956 max x :0.8121034000057988, max-mean: 0.018577347908548533
INFO:root:episode 88 after step:200 we get:-199.9260937830178 max x :0.6062979517469468, max-mean: 0.018611409591230945
INFO:root:episode 89 after step:200 we get:-199.47468623547346 max x :0.7580696662842569, max-mean: 0.01865352457269118
INFO:root:episode 90 after step:200 we get:-199.67026228376892 max x :0.7322967664673935, max-mean: 0.018693760658760817
INFO:root:episode 91 after step:200 we get:-199.1081331375528 max x :0.8822851253024858, max-mean: 0.018741710937309863
INFO:root:episode 92 after step:200 we get:-199.29598176958248 max x :0.7866460501822322, max-mean: 0.018784003735706756
INFO:root:episode 93 after step:200 we get:-199.6902995606815 max x :0.7147923767320228, max-mean: 0.018822024606809522
INFO:root:episode 94 after step:200 we get:-199.21971017169926 max x :0.7518405843140163, max-mean: 0.01886159516387868
INFO:root:episode 95 after step:200 we get:-199.30892727483072 max x :0.728835182746427, max-mean: 0.01889955532964672
INFO:root:episode 96 after step:200 we get:-199.090622576372 max x :0.7983905418092042, max-mean: 0.018940709481286372
INFO:root:episode 97 after step:200 we get:-199.37805075210184 max x :0.7119029863942575, max-mean: 0.018977031062224856
INFO:root:episode 98 after step:200 we get:-199.73045922532924 max x :0.6727233765265102, max-mean: 0.019011006990332254
INFO:root:episode 99 after step:200 we get:-199.0899226642714 max x :0.7822587372678758, max-mean: 0.019050119927195647
INFO:root:episode 100 after step:200 we get:-199.0492718168066 max x :0.8022951237486853, max-mean: 0.019089837507579244
CRITICAL:root:{(7, 0): [-63.519626240778805, -56.268444008858815], (6, 0): [-57.53811198639724, -64.04283066393684], (5, 0): [-49.432824986604366, -56.588214097999476], (8, 0): [-61.32639030267322, -63.13661364863374], (4, 0): [-47.862763525702135, -48.54951345214098], (9, 0): [-26.362212374315817, -26.39539219371788], (3, 0): [-11.551167411394484, -10.082958975100233], (5, 1): [-0.7215418580979113, -0.589791834592001], (6, 1): [-5.075505437192343, -2.6089723345574356], (7, 1): [-4.03040480437827, -3.3523289462359678], (4, 1): [-0.29627092495218316, -0.5025381698654591], (8, 1): [-5.998721208170777, -7.551815370837977], (2, 0): [-2.3677051890568563, -2.070592253039184], (10, 0): [-5.19037423794798, -3.7927600699977515], (9, 1): [-0.39453303718657795, -0.39218024977700433], (11, 0): [-0.6486189348524926, -0.4581168333189216], (10, 1): [-0.3473534450105226, 0], (1, 0): [-0.09963768421164726, -0.09956275588581308]}
INFO:root:episode 101 after step:200 we get:-199.80435728147918 max x :0.7160363039276246, max-mean: 0.019124937326399225
INFO:root:episode 102 after step:200 we get:-198.4478057820591 max x :0.9766843091676989, max-mean: 0.01917234918606756
INFO:root:episode 103 after step:200 we get:-199.56972970507422 max x :0.7799792423108156, max-mean: 0.019209848188101734
INFO:root:episode 104 after step:200 we get:-199.1726705693203 max x :0.8219929608623109, max-mean: 0.01924899071004756
INFO:root:episode 105 after step:200 we get:-199.39457516427592 max x :0.7637320846138708, max-mean: 0.0192850158083784
INFO:root:episode 106 after step:200 we get:-198.30807457021234 max x :1.080499667622919, max-mean: 0.01933550644705237
INFO:root:episode 107 after step:200 we get:-199.4627944724962 max x :0.7582238139244867, max-mean: 0.019370609401400726
INFO:root:episode 108 after step:200 we get:-199.58358515239806 max x :0.7566060064645461, max-mean: 0.01940531609894497
INFO:root:episode 109 after step:200 we get:-199.22459285084847 max x :0.7745886691662744, max-mean: 0.019440524674816162
INFO:root:episode 110 after step:200 we get:-199.47549320615283 max x :0.7891894594425567, max-mean: 0.019476073749565826
INFO:root:episode 111 after step:200 we get:-199.2475199922991 max x :0.7768598250504332, max-mean: 0.01951075499175558
INFO:root:episode 112 after step:200 we get:-198.98884329914716 max x :0.8032926025904715, max-mean: 0.019546298912224185
INFO:root:episode 113 after step:200 we get:-199.4491424858797 max x :0.7688024273261816, max-mean: 0.019580018316931475
INFO:root:episode 114 after step:200 we get:-199.68875785784016 max x :0.6911457355670951, max-mean: 0.019610068131521347
INFO:root:episode 115 after step:200 we get:-199.23616510321878 max x :0.7959172541354379, max-mean: 0.01964437490971684
INFO:root:episode 116 after step:200 we get:-198.89540170915978 max x :0.8048683314975251, max-mean: 0.019678770992259467
INFO:root:episode 117 after step:200 we get:-198.96763080262244 max x :0.8289237749725874, max-mean: 0.01971389488102949
INFO:root:episode 118 after step:200 we get:-199.6579573122311 max x :0.7328741336355854, max-mean: 0.019744687911854516
INFO:root:episode 119 after step:200 we get:-199.05102587363876 max x :0.8062891156909067, max-mean: 0.01977828329167497
INFO:root:episode 120 after step:200 we get:-198.9131495949228 max x :0.8732365948789428, max-mean: 0.01981436744848815
INFO:root:episode 121 after step:200 we get:-199.69466102944264 max x :0.689665051863224, max-mean: 0.019842632409630086
INFO:root:episode 122 after step:200 we get:-199.27947868661965 max x :0.8021637725568773, max-mean: 0.019875240693067356
INFO:root:episode 123 after step:200 we get:-198.93019862609125 max x :0.858601173377845, max-mean: 0.019909861708122915
INFO:root:episode 124 after step:200 we get:-198.93309681560626 max x :0.8706781928918865, max-mean: 0.01994468883583859
INFO:root:episode 125 after step:200 we get:-198.88424212970955 max x :0.8881950833577423, max-mean: 0.01997993467247977
INFO:root:episode 126 after step:200 we get:-198.91184192407863 max x :0.8635992389700825, max-mean: 0.020013934642517963
INFO:root:episode 127 after step:200 we get:-199.57483581390147 max x :0.7425676407555963, max-mean: 0.02004294119098498
INFO:root:episode 128 after step:200 we get:-199.63856590304286 max x :0.7180867539767714, max-mean: 0.02007077401090656
INFO:root:episode 129 after step:200 we get:-199.39596892625715 max x :0.7680950055953719, max-mean: 0.020100316126506382
INFO:root:episode 130 after step:200 we get:-199.69960824954 max x :0.7186712792247036, max-mean: 0.020127746328003508
INFO:root:episode 131 after step:200 we get:-199.09960209151285 max x :0.8260166117714127, max-mean: 0.02015903483602515
INFO:root:episode 132 after step:200 we get:-199.43780436489246 max x :0.7800738801816742, max-mean: 0.020188360921746265
INFO:root:episode 133 after step:200 we get:-199.52368333637207 max x :0.7562936792240176, max-mean: 0.020216580835150145
INFO:root:episode 134 after step:200 we get:-199.44753132577742 max x :0.7731318741779772, max-mean: 0.02024521534900859
INFO:root:episode 135 after step:200 we get:-199.35013661365915 max x :0.7872186431562083, max-mean: 0.02027415721088933
INFO:root:episode 136 after step:200 we get:-199.2281908626064 max x :0.7889929197714893, max-mean: 0.020302952572924787
INFO:root:episode 137 after step:200 we get:-198.87532388818406 max x :0.8655637293484576, max-mean: 0.020334313577611327
INFO:root:episode 138 after step:200 we get:-199.52592856800976 max x :0.7623464043106025, max-mean: 0.020361736110140485
INFO:root:episode 139 after step:200 we get:-199.22997941282844 max x :0.8306444384517307, max-mean: 0.02039140198294233
INFO:root:episode 140 after step:200 we get:-199.535031916411 max x :0.7763119099933762, max-mean: 0.02041893077407685
INFO:root:episode 141 after step:200 we get:-199.21149298550543 max x :0.7410364392904336, max-mean: 0.02044502360644623
INFO:root:episode 142 after step:200 we get:-199.2521936586966 max x :0.7261361348047126, max-mean: 0.020470412981789053
INFO:root:episode 143 after step:200 we get:-199.54293487571388 max x :0.6964526196285147, max-mean: 0.020494595364415044
INFO:root:episode 144 after step:200 we get:-199.07767660740527 max x :0.8094560541418541, max-mean: 0.020522507642144073
INFO:root:episode 145 after step:200 we get:-199.3538616354941 max x :0.7412507275374527, max-mean: 0.02054789294103234
INFO:root:episode 146 after step:200 we get:-199.19264546726302 max x :0.785554353982581, max-mean: 0.02057461247688209
INFO:root:episode 0 after step:200 we get:-199.12926630842574 max x :0.7971269876380597, max-mean: 0.003985634938190298
CRITICAL:root:{(8, 0): [-2.4389645427602558, -2.512006429964842], (7, 0): [-1.525301057469228, -1.504630785228994], (6, 0): [-1.4439976611271117, -1.3514722670406414], (5, 0): [-1.9273605242370457, -2.1003144685126798], (4, 0): [-2.0515490518183084, -2.0479511619575685]}
INFO:root:episode 1 after step:200 we get:-199.58404864486786 max x :0.6824690300727643, max-mean: 0.005691807513372209
INFO:root:episode 2 after step:200 we get:-199.07248383192555 max x :0.8059317638596256, max-mean: 0.007035027119804918
INFO:root:episode 3 after step:200 we get:-199.7044204325877 max x :0.6576890554126631, max-mean: 0.007857138439070746
INFO:root:episode 4 after step:200 we get:-199.791534282943 max x :0.6736789461831504, max-mean: 0.008530817385253896
INFO:root:episode 5 after step:200 we get:-199.55441474142424 max x :0.7329761608333389, max-mean: 0.009141630852615011
INFO:root:episode 6 after step:200 we get:-199.29969677591487 max x :0.7958222154484593, max-mean: 0.009710075292221053
INFO:root:episode 7 after step:200 we get:-199.18443031429948 max x :0.824892618515116, max-mean: 0.010225633178793
INFO:root:episode 8 after step:200 we get:-199.46029769763618 max x :0.7293842336689603, max-mean: 0.010630846641942424
INFO:root:episode 9 after step:200 we get:-199.56197801491032 max x :0.700979773757175, max-mean: 0.01098133652882101
INFO:root:episode 10 after step:200 we get:-199.7456853023113 max x :0.6563782783368648, max-mean: 0.011279690291701405
INFO:root:episode 11 after step:200 we get:-199.0181009936301 max x :0.8474933892535272, max-mean: 0.011632812537223708
INFO:root:episode 12 after step:200 we get:-199.03185848548188 max x :0.8203836880736892, max-mean: 0.011948344724944358
INFO:root:episode 13 after step:200 we get:-198.7529566806555 max x :0.8757188466822762, max-mean: 0.012261101455902314
INFO:root:episode 14 after step:200 we get:-199.73676604284358 max x :0.6588251351624291, max-mean: 0.012480709834289791
INFO:root:episode 15 after step:200 we get:-199.8075938676038 max x :0.685089931553485, max-mean: 0.012694800437900255
INFO:root:episode 16 after step:200 we get:-199.2407503077699 max x :0.7356387518796255, max-mean: 0.01291116477668838
INFO:root:episode 17 after step:200 we get:-199.5047368580436 max x :0.7337838008416101, max-mean: 0.013114993610255494
INFO:root:episode 18 after step:200 we get:-199.73353931460193 max x :0.6668109834703778, max-mean: 0.013290470184852961
INFO:root:episode 19 after step:200 we get:-199.00636455724964 max x :0.7873533374548122, max-mean: 0.013487308519216664
INFO:root:episode 0 after step:200 we get:-199.91764678608746 max x :0.609487292708665, max-mean: 0.003047436463543325
CRITICAL:root:{(6, 0): [-8.699349351342628, -7.8802049876538796], (7, 0): [-0.5983465122521096, -1.04514256342101]}
INFO:root:episode 1 after step:200 we get:-199.34161460947269 max x :0.7056047859429806, max-mean: 0.004811448428400776
INFO:root:episode 2 after step:200 we get:-199.40821772244428 max x :0.7321964749531558, max-mean: 0.0060317758866560356
INFO:root:episode 3 after step:200 we get:-199.0322391439679 max x :0.8253194232996535, max-mean: 0.007063425165780603
INFO:root:episode 4 after step:200 we get:-199.63831785516763 max x :0.6770112057801624, max-mean: 0.007740436371560765
INFO:root:episode 5 after step:200 we get:-198.73048705434846 max x :0.8589175924667314, max-mean: 0.008456201031949707
INFO:root:episode 6 after step:200 we get:-199.37941704160002 max x :0.7267125093293835, max-mean: 0.008975281395756408
INFO:root:episode 7 after step:200 we get:-199.57754615996694 max x :0.6760654365288651, max-mean: 0.009397822293586948
INFO:root:episode 8 after step:200 we get:-199.31641305567032 max x :0.7510906609094038, max-mean: 0.009815094882981061
INFO:root:episode 9 after step:200 we get:-198.98426555470957 max x :0.8139809729932427, max-mean: 0.010222085369477683
INFO:root:episode 10 after step:200 we get:-199.6133710829772 max x :0.691731392114264, max-mean: 0.01053650872952962
INFO:root:episode 11 after step:200 we get:-199.54287701296815 max x :0.7560942608322623, max-mean: 0.010851548004876397
INFO:root:episode 12 after step:200 we get:-199.57881488942309 max x :0.7263506860811176, max-mean: 0.011130913653369134
INFO:root:episode 13 after step:200 we get:-199.67845097859467 max x :0.642824000910551, max-mean: 0.01136049365369433
INFO:root:episode 14 after step:200 we get:-199.53451684555696 max x :0.6968547334819195, max-mean: 0.01159277856485497
INFO:root:episode 15 after step:200 we get:-199.90363404624023 max x :0.6099879351010095, max-mean: 0.011783399794574035
INFO:root:episode 16 after step:200 we get:-199.06460081023928 max x :0.8171272829576517, max-mean: 0.012023731348385108
INFO:root:episode 17 after step:200 we get:-199.55221410464884 max x :0.7048331323891389, max-mean: 0.012219518329604313
INFO:root:episode 18 after step:200 we get:-199.07042308111102 max x :0.814380415129694, max-mean: 0.012433828965164758
INFO:root:episode 19 after step:200 we get:-198.38027250485644 max x :1.0681746372366443, max-mean: 0.012700872624473919
INFO:root:episode 20 after step:200 we get:-199.16796062185372 max x :0.7520837514359118, max-mean: 0.012879940184339612
INFO:root:episode 21 after step:200 we get:-199.2585780531503 max x :0.7734721198303431, max-mean: 0.013055729302482872
INFO:root:episode 22 after step:200 we get:-199.2551148692582 max x :0.746215928900063, max-mean: 0.013217950156591583
INFO:root:episode 23 after step:200 we get:-199.49039434133573 max x :0.7514342039645246, max-mean: 0.013374498949084192
INFO:root:episode 24 after step:200 we get:-199.36483225038154 max x :0.7621054749017985, max-mean: 0.013526920044064552
INFO:root:episode 25 after step:200 we get:-198.8352062732093 max x :0.8509768123339271, max-mean: 0.013690569431051845
INFO:root:episode 26 after step:200 we get:-199.60737114754363 max x :0.6693638942386355, max-mean: 0.013814525707762704
INFO:root:episode 27 after step:200 we get:-199.33540352125448 max x :0.7342421208499337, max-mean: 0.013945640372200191
INFO:root:episode 28 after step:200 we get:-199.28147269059045 max x :0.7285079390565875, max-mean: 0.014071245189278913
INFO:root:episode 29 after step:200 we get:-199.03137535116403 max x :0.8383445279176968, max-mean: 0.014210969277265196
INFO:root:episode 30 after step:200 we get:-198.9189972595035 max x :0.850359616320371, max-mean: 0.014348124054091062
INFO:root:episode 31 after step:200 we get:-199.24736914827932 max x :0.8458499926547934, max-mean: 0.014480288115443373
INFO:root:episode 32 after step:200 we get:-199.83867898520901 max x :0.6072454744081927, max-mean: 0.01457229500550522
INFO:root:episode 33 after step:200 we get:-199.71441622559922 max x :0.631693886480797, max-mean: 0.014665191165281808
INFO:root:episode 34 after step:200 we get:-199.6289755620847 max x :0.64378164896778, max-mean: 0.014757159972277206
INFO:root:episode 35 after step:200 we get:-198.8495694093536 max x :0.8636608887483276, max-mean: 0.01487711287349225
INFO:root:episode 36 after step:200 we get:-199.54934402240892 max x :0.7403062670683287, max-mean: 0.014977154260933916
INFO:root:episode 37 after step:200 we get:-199.17034413250767 max x :0.8006133635844682, max-mean: 0.015082498124563451
INFO:root:episode 38 after step:200 we get:-199.5314328004113 max x :0.6987235528510412, max-mean: 0.015172078067236661
INFO:root:episode 39 after step:200 we get:-198.9920725075792 max x :0.8738274941932465, max-mean: 0.015281306504010817
INFO:root:episode 40 after step:200 we get:-198.85319571089525 max x :0.8839986549090483, max-mean: 0.015389111218024117
INFO:root:episode 41 after step:200 we get:-199.14390707680278 max x :0.8215242843850039, max-mean: 0.01548691172806995
INFO:root:episode 42 after step:200 we get:-199.1830104378739 max x :0.7820354297937586, max-mean: 0.01557784608037155
INFO:root:episode 43 after step:200 we get:-199.4348038340824 max x :0.7219404277758255, max-mean: 0.015659884765346077
INFO:root:episode 44 after step:200 we get:-199.17241687864203 max x :0.7758935576393893, max-mean: 0.015746095160639344
INFO:root:episode 45 after step:200 we get:-198.67149275838494 max x :0.9610307802549268, max-mean: 0.015850555028058357
INFO:root:episode 46 after step:200 we get:-199.70215496058913 max x :0.6386287797128501, max-mean: 0.0159184942599427
INFO:root:episode 47 after step:200 we get:-198.8523710687706 max x :0.8309528040910352, max-mean: 0.016005051843702184
INFO:root:episode 48 after step:200 we get:-199.74189870640004 max x :0.7083687537392735, max-mean: 0.016077334369593948
INFO:root:episode 49 after step:200 we get:-198.9732813911 max x :0.8671687298362718, max-mean: 0.016164051242577575
INFO:root:episode 50 after step:200 we get:-199.1653882782484 max x :0.8311012304901209, max-mean: 0.016245531755370725
INFO:root:episode 51 after step:200 we get:-199.18587784395612 max x :0.8528126490893407, max-mean: 0.016327532971629314
INFO:root:episode 52 after step:200 we get:-198.63349181830458 max x :0.9821587878439555, max-mean: 0.016420189461048555
INFO:root:episode 53 after step:200 we get:-199.44885927342978 max x :0.7703882849694623, max-mean: 0.01649152170965684
INFO:root:episode 54 after step:200 we get:-198.96594342742793 max x :0.8526978174426739, max-mean: 0.016569039693060717
INFO:root:episode 55 after step:200 we get:-198.87977672723557 max x :0.8648334223878911, max-mean: 0.01664625696291678
INFO:root:episode 56 after step:200 we get:-199.3280119354373 max x :0.7998003539265359, max-mean: 0.016716414888699807
INFO:root:episode 57 after step:200 we get:-199.01687357140764 max x :0.8487663311228308, max-mean: 0.0167895844000035
INFO:root:episode 58 after step:200 we get:-198.95032866030044 max x :0.8805189863236025, max-mean: 0.01686420465308177
INFO:root:episode 59 after step:200 we get:-198.5991921912901 max x :0.9428112363098469, max-mean: 0.016942772256107592
INFO:root:episode 60 after step:200 we get:-199.0538460779376 max x :0.846362543971873, max-mean: 0.01701214623512168
INFO:root:episode 61 after step:200 we get:-199.32155900150394 max x :0.8109148639238134, max-mean: 0.017077542595115538
INFO:root:episode 62 after step:200 we get:-199.3824663871134 max x :0.7675375998962887, max-mean: 0.01713845827764699
INFO:root:episode 63 after step:200 we get:-199.56247136164777 max x :0.7481857746709245, max-mean: 0.017196910291293156
INFO:root:episode 64 after step:200 we get:-199.42895679989 max x :0.7168889286455551, max-mean: 0.01725205559349666
INFO:root:episode 65 after step:200 we get:-199.08933811308094 max x :0.8263681189201993, max-mean: 0.017314659238869403
INFO:root:episode 66 after step:200 we get:-199.1452994817175 max x :0.7540303925978972, max-mean: 0.01737093016369014
INFO:root:episode 67 after step:200 we get:-199.34817598907952 max x :0.7314465548304829, max-mean: 0.017424712998604146
INFO:root:episode 68 after step:200 we get:-198.88289400035234 max x :0.9314520750526839, max-mean: 0.017492209525781878
INFO:root:episode 69 after step:200 we get:-199.74838660531978 max x :0.6437279574657157, max-mean: 0.017538190094172287
INFO:root:episode 70 after step:200 we get:-199.8938103329508 max x :0.6195536632561727, max-mean: 0.017581820633838216
INFO:root:episode 71 after step:200 we get:-198.53586599420973 max x :0.9683969627294631, max-mean: 0.017649070422916652
INFO:root:episode 72 after step:200 we get:-199.28973532410282 max x :0.7321140563428674, max-mean: 0.0176992152212963
INFO:root:episode 73 after step:200 we get:-199.07248646611365 max x :0.7951716308655291, max-mean: 0.01775294303419262
INFO:root:episode 74 after step:200 we get:-198.94802926860058 max x :0.8292773182305333, max-mean: 0.017808228188741324
INFO:root:episode 75 after step:200 we get:-199.18829746889156 max x :0.7636226471881914, max-mean: 0.01785846652079318
INFO:root:episode 76 after step:200 we get:-199.22176829772133 max x :0.7345132580650078, max-mean: 0.017906162186901296
INFO:root:episode 77 after step:200 we get:-199.1319753447326 max x :0.7562369128190872, max-mean: 0.017954638912082006
INFO:root:episode 78 after step:200 we get:-198.48925683358857 max x :1.003421217961281, max-mean: 0.01801814658410487
INFO:root:episode 79 after step:200 we get:-198.8704016764672 max x :0.8072045440875933, max-mean: 0.018068596868110347
INFO:root:episode 80 after step:200 we get:-199.32690216013447 max x :0.7187738879198025, max-mean: 0.018112965626623914
INFO:root:episode 81 after step:200 we get:-199.51532080251567 max x :0.6932830854640267, max-mean: 0.018155238985493673
INFO:root:episode 82 after step:200 we get:-199.54900213643114 max x :0.714323254442387, max-mean: 0.018198270506845624
INFO:root:episode 83 after step:200 we get:-199.11825313500287 max x :0.7568637863456859, max-mean: 0.018243321922699535
INFO:root:episode 84 after step:200 we get:-199.39910612268926 max x :0.7230989904273046, max-mean: 0.018285857157430554
INFO:root:episode 85 after step:200 we get:-199.33956227810063 max x :0.7641842279771965, max-mean: 0.018330286473010625
INFO:root:episode 86 after step:200 we get:-199.41986161524383 max x :0.7423850401933021, max-mean: 0.018372952279918284
INFO:root:episode 87 after step:200 we get:-199.5440252597383 max x :0.7092571896303043, max-mean: 0.01841325098387455
INFO:root:episode 88 after step:200 we get:-199.49937130131897 max x :0.7153165146550784, max-mean: 0.018453437304922587
INFO:root:episode 89 after step:200 we get:-199.49812475881276 max x :0.7045108441521636, max-mean: 0.018492576796264374
INFO:root:episode 90 after step:200 we get:-199.08302979000823 max x :0.8238587067825245, max-mean: 0.018537843758175503
INFO:root:episode 91 after step:200 we get:-199.35342454744645 max x :0.7958600709990614, max-mean: 0.01858109702290371
INFO:root:episode 92 after step:200 we get:-198.35659142068133 max x :1.0952540830391717, max-mean: 0.018639981651024096
INFO:root:episode 93 after step:200 we get:-198.9181599422844 max x :0.8532549261362385, max-mean: 0.01868536755135049
INFO:root:episode 94 after step:200 we get:-199.47748649728078 max x :0.765041059881289, max-mean: 0.018725632870291612
INFO:root:episode 95 after step:200 we get:-199.21799482216596 max x :0.8067663765331291, max-mean: 0.018767651952402712
INFO:root:episode 96 after step:200 we get:-199.4490386218131 max x :0.7734451683108571, max-mean: 0.018807520260047603
INFO:root:episode 97 after step:200 we get:-199.0431927070862 max x :0.8334584937004407, max-mean: 0.01885004365258334
INFO:root:episode 98 after step:200 we get:-198.92829655583537 max x :0.8438986130056605, max-mean: 0.018892664794654332
INFO:root:episode 99 after step:200 we get:-198.84976619944936 max x :0.8587645088200894, max-mean: 0.018935603020095337
INFO:root:episode 100 after step:200 we get:-198.91788882985256 max x :0.8577037809273158, max-mean: 0.018978063603309562
CRITICAL:root:{(6, 0): [-50.74975833262985, -58.1137522098029], (7, 0): [-56.795411664386265, -58.00149332881063], (8, 0): [-58.402616096115906, -58.5243267681666], (5, 0): [-47.07721476498039, -55.74441721523443], (4, 0): [-42.29974644047849, -49.02236944823265], (3, 0): [-31.95850702663022, -33.44721543181414], (5, 1): [-1.7285592065847981, -2.0069001371417197], (6, 1): [-4.390184345956661, -4.051505155424896], (7, 1): [-8.797686066415288, -5.266124536707803], (8, 1): [-14.85124025743935, -12.317087396835106], (9, 0): [-32.68526524501359, -32.96679340533766], (10, 0): [-9.849265303599566, -8.389273019825776], (4, 1): [-0.7730769094936761, -0.6329984332786318], (9, 1): [-2.9717658881243305, -3.5000837853830187], (2, 0): [-8.185235810269393, -8.166993952136924], (1, 0): [-2.191797700171374, -1.4840549452752996], (3, 1): [-0.23490216071669726, 0]}
INFO:root:episode 101 after step:200 we get:-199.60286387785598 max x :0.7354368740016921, max-mean: 0.01901411443046651
INFO:root:episode 102 after step:200 we get:-199.2537598197053 max x :0.8005433435326361, max-mean: 0.01905297575782246
INFO:root:episode 103 after step:200 we get:-199.18686196586927 max x :0.8177870602751292, max-mean: 0.019092292443412612
INFO:root:episode 104 after step:200 we get:-199.42762608842006 max x :0.7653424575041208, max-mean: 0.01912873732234138
INFO:root:episode 105 after step:200 we get:-198.27566803855044 max x :1.1101625448436359, max-mean: 0.019181103480117024
INFO:root:episode 106 after step:200 we get:-198.8966077491952 max x :0.8238266609677956, max-mean: 0.019219600053059446
INFO:root:episode 107 after step:200 we get:-198.27295721572733 max x :1.121749435213813, max-mean: 0.01927153289728231
INFO:root:episode 108 after step:200 we get:-199.69811255829222 max x :0.7143010790925756, max-mean: 0.01930429900182784
INFO:root:episode 109 after step:200 we get:-198.4828738321478 max x :1.0256963369587002, max-mean: 0.01935092156259869
INFO:root:episode 110 after step:200 we get:-199.04945009241666 max x :0.7966435167154662, max-mean: 0.01938680640569398
INFO:root:episode 111 after step:200 we get:-198.72024392824287 max x :0.8642788601529432, max-mean: 0.01942539028337938
INFO:root:episode 112 after step:200 we get:-199.01864826387646 max x :0.8073927540877252, max-mean: 0.019461115626480608
INFO:root:episode 113 after step:200 we get:-198.33428004819513 max x :1.034147364385694, max-mean: 0.01950647296702384
INFO:root:episode 114 after step:200 we get:-198.94841678317573 max x :0.8059101972117497, max-mean: 0.019541512540815657
INFO:root:episode 115 after step:200 we get:-199.12934003561497 max x :0.7859444378839886, max-mean: 0.019575389456241692
INFO:root:episode 116 after step:200 we get:-198.87513808880138 max x :0.8091847880757039, max-mean: 0.019609970002740652
INFO:root:episode 117 after step:200 we get:-199.6864517195004 max x :0.6697136440254915, max-mean: 0.019638347699521393
INFO:root:episode 118 after step:200 we get:-198.9529509012799 max x :0.7929395694569706, max-mean: 0.01967166448815404
INFO:root:episode 119 after step:200 we get:-199.1864581117176 max x :0.7506191129016533, max-mean: 0.01970294028452494
INFO:root:episode 120 after step:200 we get:-199.04955548321735 max x :0.7774728453646279, max-mean: 0.019735067261606124
INFO:root:episode 121 after step:200 we get:-199.47283280400515 max x :0.7016674473557595, max-mean: 0.01976382412420267
INFO:root:episode 122 after step:200 we get:-198.83509478941428 max x :0.830259651253736, max-mean: 0.01979757451653006
INFO:root:episode 123 after step:200 we get:-199.16727226022343 max x :0.7771118794633585, max-mean: 0.019828909672960034
INFO:root:episode 124 after step:200 we get:-199.54601213994036 max x :0.7639880264056237, max-mean: 0.01985946919401626
INFO:root:episode 125 after step:200 we get:-199.2630046993088 max x :0.7789334205382216, max-mean: 0.019890379250386822
INFO:root:episode 126 after step:200 we get:-199.47370163203686 max x :0.7348931685869415, max-mean: 0.019919312052299694
INFO:root:episode 127 after step:200 we get:-198.29063767554277 max x :1.1086355643427304, max-mean: 0.019962618129031832
INFO:root:episode 128 after step:200 we get:-199.59534179317149 max x :0.6867813292180103, max-mean: 0.01998923756039687
INFO:root:episode 129 after step:200 we get:-199.43986969877886 max x :0.7101930854799703, max-mean: 0.02001655267906918
INFO:root:episode 130 after step:200 we get:-199.04587625516527 max x :0.7987694019978465, max-mean: 0.020047040060824823
INFO:root:episode 131 after step:200 we get:-199.5359237681259 max x :0.698417373368158, max-mean: 0.020073495264361495
INFO:root:episode 132 after step:200 we get:-198.6850496141475 max x :0.9058354394730093, max-mean: 0.02010754922825146
INFO:root:episode 133 after step:200 we get:-199.77723238150887 max x :0.6173831268055529, max-mean: 0.020130585912087485
